<?xml version="1.0" encoding="UTF-8"?>
<Site BuildName="Win32-ninja"
	BuildStamp="20230831-2130-Experimental"
	Name="DESKTOP-OIBIUB9"
	Generator="ctest-3.27.4"
	CompilerName="C:/Program Files/Microsoft Visual Studio/2022/Preview/VC/Tools/Llvm/x64/bin/clang-cl.exe"
	CompilerVersion="16.0.5"
	OSName="Windows"
	Hostname="DESKTOP-OIBIUB9"
	OSRelease=" Professional"
	OSVersion=" (Build 22621)"
	OSPlatform="AMD64"
	Is64Bits="1"
	VendorString="GenuineIntel"
	VendorID="Intel Corporation"
	FamilyID="6"
	ModelID="14"
	ProcessorCacheSize="-1"
	NumberOfLogicalCPU="8"
	NumberOfPhysicalCPU="4"
	TotalVirtualMemory="42412"
	TotalPhysicalMemory="32353"
	LogicalProcessorsPerPhysical="2"
	ProcessorClockFrequency="1651"
	>
	<Testing>
		<StartDateTime>Aug 31 14:30 Pacific Daylight Time</StartDateTime>
		<StartTestTime>1693517438</StartTestTime>
		<TestList/>
		<EndDateTime>Aug 31 14:30 Pacific Daylight Time</EndDateTime>
		<EndTestTime>1693517438</EndTestTime>
		<ElapsedMinutes>0</ElapsedMinutes>
	</Testing>
</Site>
